1699082636996:help
1699082642997:name
1699082810817:help
1699082819346:k
1699082939690:help
1699082943386:run
1699082950095:help
1699082952202:run
1699083692894:help
1699083694876:r
1699083699114:exit
1699105496851:help
1699105507140:r
1699105745813:help
1699105747657:r
1699105951358:help
1699105953449:l
1699105961576:r
1699106317043:help
1699106323408:r
1699106325088:l
1699107952963:help
1699107971441:l
1699107978808:r
1699107981708:r igor
1699108021916:r Student[firstName=igor, lastName=ryb]
1699108045833:r new Stundent("Игорь", "Рыб")
1699117997099:help
1699117998486:l
1699118006310:r
1699118017728:r l
1699118580989:help
1699118584657:r l
1699118588376:r
1699118711449:help
1699118715401:l
1699118719004:r
1699118722008:r --l
1699118726904:r login
1699119597245:help
1699119599969:l
1699119603754:r
1699119605942:r l
1699119607001:rl
1699119612537:r l igor
1699119659155:r
1699119973548:help
1699119975652:r
1699120646505:help
1699120647799:r
1699120649916:r f
1699120734231:r
1699120956070:exit
1699121935435:help
1699122037479:a
1699122061296:help
1699122098289:a
1699122109867:r
1699122175918:help
1699122659787:r
1699122681988:a
1699122728064:help
1699122729968:r
1699122730854:l
1699122732941:a
1699123021215:help
1699123024309:r
1699123033326:a
1699123061686:r
1699123301004:a
1699123310590:r
1699123731565:help
1699123734023:r
1699123736527:a
1699123739751:r
1699176014952:help
1699176020623:r
1699176021420:a
1699176024195:r
